
*** Running vivado
    with args -log ternary_nanocore_top.vds -m64 -product Vivado -mode batch -messageDb vivado.pb -notrace -source ternary_nanocore_top.tcl



****** Vivado v2025.1 (64-bit)
  **** SW Build 6140274 on Thu May 22 00:12:29 MDT 2025
  **** IP Build 6138677 on Thu May 22 03:10:11 MDT 2025
  **** SharedData Build 6139179 on Tue May 20 17:58:58 MDT 2025
  **** Start of session at: Sun Nov 30 22:15:15 2025
    ** Copyright 1986-2022 Xilinx, Inc. All Rights Reserved.
    ** Copyright 2022-2025 Advanced Micro Devices, Inc. All Rights Reserved.

source ternary_nanocore_top.tcl -notrace
create_project: Time (s): cpu = 00:00:07 ; elapsed = 00:00:05 . Memory (MB): peak = 495.879 ; gain = 212.297
Command: read_checkpoint -auto_incremental -incremental C:/Users/zahid/Desktop/Projects/Ternary/Ternary-NanoCore/Ternary-NanoCore/HDL/Ternary-NanoCore/Ternary-NanoCore.srcs/utils_1/imports/synth_1/ternary_nanocore_top.dcp
INFO: [Vivado 12-5825] Read reference checkpoint from C:/Users/zahid/Desktop/Projects/Ternary/Ternary-NanoCore/Ternary-NanoCore/HDL/Ternary-NanoCore/Ternary-NanoCore.srcs/utils_1/imports/synth_1/ternary_nanocore_top.dcp for incremental synthesis
INFO: [Vivado 12-7989] Please ensure there are no constraint changes
Command: synth_design -top ternary_nanocore_top -part xc7a35tfgg484-2L
Starting synth_design
Attempting to get a license for feature 'Synthesis' and/or device 'xc7a35t'
INFO: [Common 17-349] Got license for feature 'Synthesis' and/or device 'xc7a35t'
INFO: [Device 21-403] Loading part xc7a35tfgg484-2L
INFO: [Designutils 20-5440] No compile time benefit to using incremental synthesis; A full resynthesis will be run
INFO: [Designutils 20-4379] Flow is switching to default flow due to incremental criteria not met. If you would like to alter this behaviour and have the flow terminate instead, please set the following parameter config_implementation {autoIncr.Synth.RejectBehavior Terminate}
INFO: [Synth 8-7079] Multithreading enabled for synth_design using a maximum of 2 processes.
INFO: [Synth 8-7078] Launching helper process for spawning children vivado processes
INFO: [Synth 8-7075] Helper process launched with PID 24364
---------------------------------------------------------------------------------
Starting RTL Elaboration : Time (s): cpu = 00:00:03 ; elapsed = 00:00:03 . Memory (MB): peak = 1190.414 ; gain = 494.641
---------------------------------------------------------------------------------
INFO: [Synth 8-11241] undeclared symbol 'done_sig', assumed default net type 'wire' [C:/Users/zahid/Desktop/Projects/Ternary/Ternary-NanoCore/Ternary-NanoCore/HDL/Ternary-NanoCore/Ternary-NanoCore.srcs/sources_1/new/ternary_nanocore_top.v:79]
INFO: [Synth 8-6157] synthesizing module 'ternary_nanocore_top' [C:/Users/zahid/Desktop/Projects/Ternary/Ternary-NanoCore/Ternary-NanoCore/HDL/Ternary-NanoCore/Ternary-NanoCore.srcs/sources_1/new/ternary_nanocore_top.v:23]
INFO: [Synth 8-6157] synthesizing module 'ROM_Weights' [C:/Users/zahid/Desktop/Projects/Ternary/Ternary-NanoCore/Ternary-NanoCore/HDL/Ternary-NanoCore/Ternary-NanoCore.runs/synth_1/.Xil/Vivado-9816-thePC/realtime/ROM_Weights_stub.v:6]
INFO: [Synth 8-6155] done synthesizing module 'ROM_Weights' (0#1) [C:/Users/zahid/Desktop/Projects/Ternary/Ternary-NanoCore/Ternary-NanoCore/HDL/Ternary-NanoCore/Ternary-NanoCore.runs/synth_1/.Xil/Vivado-9816-thePC/realtime/ROM_Weights_stub.v:6]
INFO: [Synth 8-6157] synthesizing module 'RAM_Input' [C:/Users/zahid/Desktop/Projects/Ternary/Ternary-NanoCore/Ternary-NanoCore/HDL/Ternary-NanoCore/Ternary-NanoCore.runs/synth_1/.Xil/Vivado-9816-thePC/realtime/RAM_Input_stub.v:6]
INFO: [Synth 8-6155] done synthesizing module 'RAM_Input' (0#1) [C:/Users/zahid/Desktop/Projects/Ternary/Ternary-NanoCore/Ternary-NanoCore/HDL/Ternary-NanoCore/Ternary-NanoCore.runs/synth_1/.Xil/Vivado-9816-thePC/realtime/RAM_Input_stub.v:6]
INFO: [Synth 8-6157] synthesizing module 'ternary_decoder' [C:/Users/zahid/Desktop/Projects/Ternary/Ternary-NanoCore/Ternary-NanoCore/HDL/Ternary-NanoCore/Ternary-NanoCore.srcs/sources_1/new/ternary_decoder.v:23]
INFO: [Synth 8-6155] done synthesizing module 'ternary_decoder' (0#1) [C:/Users/zahid/Desktop/Projects/Ternary/Ternary-NanoCore/Ternary-NanoCore/HDL/Ternary-NanoCore/Ternary-NanoCore.srcs/sources_1/new/ternary_decoder.v:23]
INFO: [Synth 8-6157] synthesizing module 'tmu_core' [C:/Users/zahid/Desktop/Projects/Ternary/Ternary-NanoCore/Ternary-NanoCore/HDL/Ternary-NanoCore/Ternary-NanoCore.srcs/sources_1/new/tmu_core.v:23]
INFO: [Synth 8-6157] synthesizing module 'ternary_mux' [C:/Users/zahid/Desktop/Projects/Ternary/Ternary-NanoCore/Ternary-NanoCore/HDL/Ternary-NanoCore/Ternary-NanoCore.srcs/sources_1/new/ternary_mux.v:23]
INFO: [Synth 8-6155] done synthesizing module 'ternary_mux' (0#1) [C:/Users/zahid/Desktop/Projects/Ternary/Ternary-NanoCore/Ternary-NanoCore/HDL/Ternary-NanoCore/Ternary-NanoCore.srcs/sources_1/new/ternary_mux.v:23]
INFO: [Synth 8-6155] done synthesizing module 'tmu_core' (0#1) [C:/Users/zahid/Desktop/Projects/Ternary/Ternary-NanoCore/Ternary-NanoCore/HDL/Ternary-NanoCore/Ternary-NanoCore.srcs/sources_1/new/tmu_core.v:23]
INFO: [Synth 8-6157] synthesizing module 'nano_controller' [C:/Users/zahid/Desktop/Projects/Ternary/Ternary-NanoCore/Ternary-NanoCore/HDL/Ternary-NanoCore/Ternary-NanoCore.srcs/sources_1/new/nano_controller.v:3]
INFO: [Synth 8-6155] done synthesizing module 'nano_controller' (0#1) [C:/Users/zahid/Desktop/Projects/Ternary/Ternary-NanoCore/Ternary-NanoCore/HDL/Ternary-NanoCore/Ternary-NanoCore.srcs/sources_1/new/nano_controller.v:3]
INFO: [Synth 8-6155] done synthesizing module 'ternary_nanocore_top' (0#1) [C:/Users/zahid/Desktop/Projects/Ternary/Ternary-NanoCore/Ternary-NanoCore/HDL/Ternary-NanoCore/Ternary-NanoCore.srcs/sources_1/new/ternary_nanocore_top.v:23]
WARNING: [Synth 8-7137] Register search_idx_reg in module nano_controller has both Set and reset with same priority. This may cause simulation mismatches. Consider rewriting code  [C:/Users/zahid/Desktop/Projects/Ternary/Ternary-NanoCore/Ternary-NanoCore/HDL/Ternary-NanoCore/Ternary-NanoCore.srcs/sources_1/new/nano_controller.v:110]
WARNING: [Synth 8-7137] Register max_val_found_reg in module nano_controller has both Set and reset with same priority. This may cause simulation mismatches. Consider rewriting code  [C:/Users/zahid/Desktop/Projects/Ternary/Ternary-NanoCore/Ternary-NanoCore/HDL/Ternary-NanoCore/Ternary-NanoCore.srcs/sources_1/new/nano_controller.v:111]
---------------------------------------------------------------------------------
Finished RTL Elaboration : Time (s): cpu = 00:00:04 ; elapsed = 00:00:04 . Memory (MB): peak = 1303.770 ; gain = 607.996
---------------------------------------------------------------------------------
---------------------------------------------------------------------------------
Start Handling Custom Attributes
---------------------------------------------------------------------------------
---------------------------------------------------------------------------------
Finished Handling Custom Attributes : Time (s): cpu = 00:00:04 ; elapsed = 00:00:04 . Memory (MB): peak = 1303.770 ; gain = 607.996
---------------------------------------------------------------------------------
---------------------------------------------------------------------------------
Finished RTL Optimization Phase 1 : Time (s): cpu = 00:00:04 ; elapsed = 00:00:04 . Memory (MB): peak = 1303.770 ; gain = 607.996
---------------------------------------------------------------------------------
Netlist sorting complete. Time (s): cpu = 00:00:00 ; elapsed = 00:00:00.017 . Memory (MB): peak = 1303.770 ; gain = 0.000
INFO: [Project 1-570] Preparing netlist for logic optimization

Processing XDC Constraints
Initializing timing engine
Parsing XDC File [c:/Users/zahid/Desktop/Projects/Ternary/Ternary-NanoCore/Ternary-NanoCore/HDL/Ternary-NanoCore/Ternary-NanoCore.gen/sources_1/ip/RAM_Input/RAM_Input/RAM_Input_in_context.xdc] for cell 'input_mem'
Finished Parsing XDC File [c:/Users/zahid/Desktop/Projects/Ternary/Ternary-NanoCore/Ternary-NanoCore/HDL/Ternary-NanoCore/Ternary-NanoCore.gen/sources_1/ip/RAM_Input/RAM_Input/RAM_Input_in_context.xdc] for cell 'input_mem'
Parsing XDC File [c:/Users/zahid/Desktop/Projects/Ternary/Ternary-NanoCore/Ternary-NanoCore/HDL/Ternary-NanoCore/Ternary-NanoCore.gen/sources_1/ip/ROM_Weights/ROM_Weights/ROM_Weights_in_context.xdc] for cell 'weight_mem'
Finished Parsing XDC File [c:/Users/zahid/Desktop/Projects/Ternary/Ternary-NanoCore/Ternary-NanoCore/HDL/Ternary-NanoCore/Ternary-NanoCore.gen/sources_1/ip/ROM_Weights/ROM_Weights/ROM_Weights_in_context.xdc] for cell 'weight_mem'
Parsing XDC File [C:/Users/zahid/Desktop/Projects/Ternary/Ternary-NanoCore/Ternary-NanoCore/HDL/Ternary-NanoCore/Ternary-NanoCore.runs/synth_1/dont_touch.xdc]
Finished Parsing XDC File [C:/Users/zahid/Desktop/Projects/Ternary/Ternary-NanoCore/Ternary-NanoCore/HDL/Ternary-NanoCore/Ternary-NanoCore.runs/synth_1/dont_touch.xdc]
Completed Processing XDC Constraints

Netlist sorting complete. Time (s): cpu = 00:00:00 ; elapsed = 00:00:00.001 . Memory (MB): peak = 1384.523 ; gain = 0.000
INFO: [Project 1-111] Unisim Transformation Summary:
No Unisim elements were transformed.

Constraint Validation Runtime : Time (s): cpu = 00:00:00 ; elapsed = 00:00:00.005 . Memory (MB): peak = 1384.523 ; gain = 0.000
INFO: [Designutils 20-5440] No compile time benefit to using incremental synthesis; A full resynthesis will be run
INFO: [Designutils 20-4379] Flow is switching to default flow due to incremental criteria not met. If you would like to alter this behaviour and have the flow terminate instead, please set the following parameter config_implementation {autoIncr.Synth.RejectBehavior Terminate}
---------------------------------------------------------------------------------
Finished Constraint Validation : Time (s): cpu = 00:00:09 ; elapsed = 00:00:10 . Memory (MB): peak = 1384.523 ; gain = 688.750
---------------------------------------------------------------------------------
---------------------------------------------------------------------------------
Start Loading Part and Timing Information
---------------------------------------------------------------------------------
Loading part: xc7a35tfgg484-2L
---------------------------------------------------------------------------------
Finished Loading Part and Timing Information : Time (s): cpu = 00:00:09 ; elapsed = 00:00:10 . Memory (MB): peak = 1384.523 ; gain = 688.750
---------------------------------------------------------------------------------
---------------------------------------------------------------------------------
Start Applying 'set_property' XDC Constraints
---------------------------------------------------------------------------------
---------------------------------------------------------------------------------
Finished applying 'set_property' XDC Constraints : Time (s): cpu = 00:00:09 ; elapsed = 00:00:10 . Memory (MB): peak = 1384.523 ; gain = 688.750
---------------------------------------------------------------------------------
INFO: [Synth 8-802] inferred FSM for state register 'state_reg' in module 'nano_controller'
---------------------------------------------------------------------------------------------------
                   State |                     New Encoding |                Previous Encoding 
---------------------------------------------------------------------------------------------------
                    IDLE |                               00 |                               00
                    CALC |                               01 |                               01
                FIND_MAX |                               10 |                               10
                    DONE |                               11 |                               11
---------------------------------------------------------------------------------------------------
INFO: [Synth 8-3354] encoded FSM with state register 'state_reg' using encoding 'sequential' in module 'nano_controller'
---------------------------------------------------------------------------------
Finished RTL Optimization Phase 2 : Time (s): cpu = 00:00:09 ; elapsed = 00:00:10 . Memory (MB): peak = 1384.523 ; gain = 688.750
---------------------------------------------------------------------------------
---------------------------------------------------------------------------------
Start RTL Component Statistics 
---------------------------------------------------------------------------------
Detailed RTL Component Info : 
+---Adders : 
	   2 Input   32 Bit       Adders := 10    
	   5 Input   16 Bit       Adders := 10    
	   2 Input    8 Bit       Adders := 3     
	   2 Input    4 Bit       Adders := 1     
+---Registers : 
	               32 Bit    Registers := 11    
	               16 Bit    Registers := 10    
	               10 Bit    Registers := 1     
	                8 Bit    Registers := 2     
	                4 Bit    Registers := 2     
	                1 Bit    Registers := 1     
+---Muxes : 
	   4 Input   32 Bit        Muxes := 11    
	   4 Input   10 Bit        Muxes := 1     
	   2 Input    8 Bit        Muxes := 100   
	   4 Input    8 Bit        Muxes := 2     
	   4 Input    4 Bit        Muxes := 1     
	   4 Input    2 Bit        Muxes := 1     
	   2 Input    2 Bit        Muxes := 1     
	   2 Input    1 Bit        Muxes := 2     
	   4 Input    1 Bit        Muxes := 8     
---------------------------------------------------------------------------------
Finished RTL Component Statistics 
---------------------------------------------------------------------------------
---------------------------------------------------------------------------------
Start Part Resource Summary
---------------------------------------------------------------------------------
Part Resources:
DSPs: 90 (col length:60)
BRAMs: 100 (col length: RAMB18 60 RAMB36 30)
---------------------------------------------------------------------------------
Finished Part Resource Summary
---------------------------------------------------------------------------------
---------------------------------------------------------------------------------
Start Cross Boundary and Area Optimization
---------------------------------------------------------------------------------
WARNING: [Synth 8-7080] Parallel synthesis criteria is not met
---------------------------------------------------------------------------------
Finished Cross Boundary and Area Optimization : Time (s): cpu = 00:00:18 ; elapsed = 00:00:20 . Memory (MB): peak = 1422.902 ; gain = 727.129
---------------------------------------------------------------------------------
---------------------------------------------------------------------------------
Start ROM, RAM, DSP, Shift Register and Retiming Reporting
---------------------------------------------------------------------------------

ROM: Preliminary Mapping Report
+----------------+------------------+---------------+----------------+
|Module Name     | RTL Object       | Depth x Width | Implemented As | 
+----------------+------------------+---------------+----------------+
|ternary_decoder | unpacked_weights | 256x10        | LUT            | 
|ternary_decoder | unpacked_weights | 256x10        | LUT            | 
|ternary_decoder | unpacked_weights | 256x10        | LUT            | 
|ternary_decoder | unpacked_weights | 256x10        | LUT            | 
|ternary_decoder | unpacked_weights | 256x10        | LUT            | 
+----------------+------------------+---------------+----------------+

---------------------------------------------------------------------------------
Finished ROM, RAM, DSP, Shift Register and Retiming Reporting
---------------------------------------------------------------------------------
---------------------------------------------------------------------------------
Start Applying XDC Timing Constraints
---------------------------------------------------------------------------------
---------------------------------------------------------------------------------
Finished Applying XDC Timing Constraints : Time (s): cpu = 00:00:22 ; elapsed = 00:00:23 . Memory (MB): peak = 1525.914 ; gain = 830.141
---------------------------------------------------------------------------------
---------------------------------------------------------------------------------
Start Timing Optimization
---------------------------------------------------------------------------------
---------------------------------------------------------------------------------
Finished Timing Optimization : Time (s): cpu = 00:00:22 ; elapsed = 00:00:24 . Memory (MB): peak = 1531.832 ; gain = 836.059
---------------------------------------------------------------------------------
---------------------------------------------------------------------------------
Start Technology Mapping
---------------------------------------------------------------------------------
---------------------------------------------------------------------------------
Finished Technology Mapping : Time (s): cpu = 00:00:22 ; elapsed = 00:00:24 . Memory (MB): peak = 1560.461 ; gain = 864.688
---------------------------------------------------------------------------------
---------------------------------------------------------------------------------
Start IO Insertion
---------------------------------------------------------------------------------
---------------------------------------------------------------------------------
Start Flattening Before IO Insertion
---------------------------------------------------------------------------------
---------------------------------------------------------------------------------
Finished Flattening Before IO Insertion
---------------------------------------------------------------------------------
---------------------------------------------------------------------------------
Start Final Netlist Cleanup
---------------------------------------------------------------------------------
---------------------------------------------------------------------------------
Finished Final Netlist Cleanup
---------------------------------------------------------------------------------
---------------------------------------------------------------------------------
Finished IO Insertion : Time (s): cpu = 00:00:25 ; elapsed = 00:00:26 . Memory (MB): peak = 1769.590 ; gain = 1073.816
---------------------------------------------------------------------------------
---------------------------------------------------------------------------------
Start Renaming Generated Instances
---------------------------------------------------------------------------------
---------------------------------------------------------------------------------
Finished Renaming Generated Instances : Time (s): cpu = 00:00:25 ; elapsed = 00:00:26 . Memory (MB): peak = 1769.590 ; gain = 1073.816
---------------------------------------------------------------------------------
---------------------------------------------------------------------------------
Start Rebuilding User Hierarchy
---------------------------------------------------------------------------------
---------------------------------------------------------------------------------
Finished Rebuilding User Hierarchy : Time (s): cpu = 00:00:25 ; elapsed = 00:00:26 . Memory (MB): peak = 1769.590 ; gain = 1073.816
---------------------------------------------------------------------------------
---------------------------------------------------------------------------------
Start Renaming Generated Ports
---------------------------------------------------------------------------------
---------------------------------------------------------------------------------
Finished Renaming Generated Ports : Time (s): cpu = 00:00:25 ; elapsed = 00:00:26 . Memory (MB): peak = 1769.590 ; gain = 1073.816
---------------------------------------------------------------------------------
---------------------------------------------------------------------------------
Start Handling Custom Attributes
---------------------------------------------------------------------------------
---------------------------------------------------------------------------------
Finished Handling Custom Attributes : Time (s): cpu = 00:00:25 ; elapsed = 00:00:27 . Memory (MB): peak = 1769.590 ; gain = 1073.816
---------------------------------------------------------------------------------
---------------------------------------------------------------------------------
Start Renaming Generated Nets
---------------------------------------------------------------------------------
---------------------------------------------------------------------------------
Finished Renaming Generated Nets : Time (s): cpu = 00:00:25 ; elapsed = 00:00:27 . Memory (MB): peak = 1769.590 ; gain = 1073.816
---------------------------------------------------------------------------------
---------------------------------------------------------------------------------
Start Writing Synthesis Report
---------------------------------------------------------------------------------

Report BlackBoxes: 
+------+--------------+----------+
|      |BlackBox name |Instances |
+------+--------------+----------+
|1     |ROM_Weights   |         1|
|2     |RAM_Input     |         1|
+------+--------------+----------+

Report Cell Usage: 
+------+------------+------+
|      |Cell        |Count |
+------+------------+------+
|1     |RAM_Input   |     1|
|2     |ROM_Weights |     1|
|3     |BUFG        |     1|
|4     |CARRY4      |   144|
|5     |LUT1        |    16|
|6     |LUT2        |   657|
|7     |LUT3        |    93|
|8     |LUT4        |   431|
|9     |LUT5        |   165|
|10    |LUT6        |   558|
|11    |MUXF7       |   100|
|12    |MUXF8       |    50|
|13    |FDCE        |   354|
|14    |FDRE        |   127|
|15    |FDSE        |    19|
|16    |IBUF        |     3|
|17    |OBUF        |     5|
+------+------------+------+
---------------------------------------------------------------------------------
Finished Writing Synthesis Report : Time (s): cpu = 00:00:25 ; elapsed = 00:00:27 . Memory (MB): peak = 1769.590 ; gain = 1073.816
---------------------------------------------------------------------------------
Synthesis finished with 0 errors, 0 critical warnings and 1 warnings.
Synthesis Optimization Runtime : Time (s): cpu = 00:00:20 ; elapsed = 00:00:25 . Memory (MB): peak = 1769.590 ; gain = 993.062
Synthesis Optimization Complete : Time (s): cpu = 00:00:25 ; elapsed = 00:00:27 . Memory (MB): peak = 1769.590 ; gain = 1073.816
INFO: [Project 1-571] Translating synthesized netlist
Netlist sorting complete. Time (s): cpu = 00:00:00 ; elapsed = 00:00:00.017 . Memory (MB): peak = 1772.895 ; gain = 0.000
INFO: [Netlist 29-17] Analyzing 294 Unisim elements for replacement
INFO: [Netlist 29-28] Unisim Transformation completed in 0 CPU seconds
INFO: [Project 1-570] Preparing netlist for logic optimization
INFO: [Opt 31-138] Pushed 0 inverter(s) to 0 load pin(s).
Netlist sorting complete. Time (s): cpu = 00:00:00 ; elapsed = 00:00:00 . Memory (MB): peak = 1776.578 ; gain = 0.000
INFO: [Project 1-111] Unisim Transformation Summary:
No Unisim elements were transformed.

Synth Design complete | Checksum: e0c87155
INFO: [Common 17-83] Releasing license: Synthesis
37 Infos, 3 Warnings, 0 Critical Warnings and 0 Errors encountered.
synth_design completed successfully
synth_design: Time (s): cpu = 00:00:27 ; elapsed = 00:00:31 . Memory (MB): peak = 1776.578 ; gain = 1267.207
Write ShapeDB Complete: Time (s): cpu = 00:00:00 ; elapsed = 00:00:00.005 . Memory (MB): peak = 1776.578 ; gain = 0.000
INFO: [Common 17-1381] The checkpoint 'C:/Users/zahid/Desktop/Projects/Ternary/Ternary-NanoCore/Ternary-NanoCore/HDL/Ternary-NanoCore/Ternary-NanoCore.runs/synth_1/ternary_nanocore_top.dcp' has been generated.
INFO: [Vivado 12-24828] Executing command : report_utilization -file ternary_nanocore_top_utilization_synth.rpt -pb ternary_nanocore_top_utilization_synth.pb
INFO: [Common 17-206] Exiting Vivado at Sun Nov 30 22:15:55 2025...
